<?xml version="1.0" encoding="UTF-8"?>
<coverage generated="1778321415">
  <project timestamp="1778321415" name="Clover Coverage">
    <package name="Vardumper\SlimTwigComponent">
      <file name="/home/erik-poehler/Sites/slim-ux-twig-component/src/SlimTwigComponent.php">
        <class name="Vardumper\SlimTwigComponent\SlimTwigComponent" namespace="Vardumper\SlimTwigComponent">
          <metrics complexity="4" methods="1" coveredmethods="1" conditionals="0" coveredconditionals="0" statements="16" coveredstatements="16" elements="17" coveredelements="17"/>
        </class>
        <line num="32" type="method" name="register" visibility="public" complexity="4" crap="4" count="2"/>
        <line num="34" type="stmt" count="2"/>
        <line num="35" type="stmt" count="2"/>
        <line num="38" type="stmt" count="2"/>
        <line num="39" type="stmt" count="2"/>
        <line num="40" type="stmt" count="1"/>
        <line num="41" type="stmt" count="1"/>
        <line num="42" type="stmt" count="1"/>
        <line num="48" type="stmt" count="2"/>
        <line num="51" type="stmt" count="2"/>
        <line num="54" type="stmt" count="2"/>
        <line num="55" type="stmt" count="2"/>
        <line num="56" type="stmt" count="2"/>
        <line num="57" type="stmt" count="2"/>
        <line num="58" type="stmt" count="2"/>
        <line num="59" type="stmt" count="2"/>
        <line num="60" type="stmt" count="2"/>
        <metrics loc="63" ncloc="50" classes="1" methods="1" coveredmethods="1" conditionals="0" coveredconditionals="0" statements="16" coveredstatements="16" elements="17" coveredelements="17"/>
      </file>
    </package>
    <package name="Vardumper\SlimTwigComponent\Twig">
      <file name="/home/erik-poehler/Sites/slim-ux-twig-component/src/Twig/SlimTwigComponentRuntime.php">
        <class name="Vardumper\SlimTwigComponent\Twig\SlimTwigComponentRuntime" namespace="Vardumper\SlimTwigComponent\Twig">
          <metrics complexity="50" methods="19" coveredmethods="17" conditionals="0" coveredconditionals="0" statements="134" coveredstatements="132" elements="153" coveredelements="149"/>
        </class>
        <line num="40" type="method" name="__construct" visibility="public" complexity="1" crap="1" count="9"/>
        <line num="42" type="stmt" count="9"/>
        <line num="43" type="stmt" count="9"/>
        <line num="44" type="stmt" count="9"/>
        <line num="45" type="stmt" count="9"/>
        <line num="53" type="method" name="preRender" visibility="public" complexity="1" crap="1" count="1"/>
        <line num="55" type="stmt" count="1"/>
        <line num="57" type="stmt" count="1"/>
        <line num="65" type="method" name="render" visibility="public" complexity="1" crap="1" count="7"/>
        <line num="67" type="stmt" count="7"/>
        <line num="69" type="stmt" count="6"/>
        <line num="78" type="method" name="startEmbedComponent" visibility="public" complexity="1" crap="1" count="8"/>
        <line num="80" type="stmt" count="8"/>
        <line num="82" type="stmt" count="8"/>
        <line num="83" type="stmt" count="7"/>
        <line num="84" type="stmt" count="7"/>
        <line num="85" type="stmt" count="7"/>
        <line num="86" type="stmt" count="7"/>
        <line num="88" type="stmt" count="7"/>
        <line num="89" type="stmt" count="7"/>
        <line num="90" type="stmt" count="7"/>
        <line num="92" type="stmt" count="7"/>
        <line num="93" type="stmt" count="7"/>
        <line num="94" type="stmt" count="7"/>
        <line num="95" type="stmt" count="7"/>
        <line num="96" type="stmt" count="7"/>
        <line num="97" type="stmt" count="7"/>
        <line num="98" type="stmt" count="7"/>
        <line num="99" type="stmt" count="7"/>
        <line num="101" type="stmt" count="7"/>
        <line num="102" type="stmt" count="7"/>
        <line num="103" type="stmt" count="7"/>
        <line num="104" type="stmt" count="7"/>
        <line num="106" type="stmt" count="7"/>
        <line num="107" type="stmt" count="7"/>
        <line num="108" type="stmt" count="7"/>
        <line num="109" type="stmt" count="7"/>
        <line num="110" type="stmt" count="7"/>
        <line num="111" type="stmt" count="7"/>
        <line num="112" type="stmt" count="7"/>
        <line num="113" type="stmt" count="7"/>
        <line num="115" type="stmt" count="7"/>
        <line num="118" type="method" name="finishEmbedComponent" visibility="public" complexity="1" crap="1" count="1"/>
        <line num="121" type="stmt" count="1"/>
        <line num="123" type="method" name="discoverComponents" visibility="private" complexity="1" crap="1" count="9"/>
        <line num="125" type="stmt" count="9"/>
        <line num="126" type="stmt" count="9"/>
        <line num="129" type="method" name="discoverClassBasedComponents" visibility="private" complexity="3" crap="3" count="9"/>
        <line num="131" type="stmt" count="9"/>
        <line num="132" type="stmt" count="6"/>
        <line num="133" type="stmt" count="3"/>
        <line num="136" type="stmt" count="5"/>
        <line num="140" type="method" name="discoverClassBasedComponentsInPath" visibility="private" complexity="4" crap="4" count="5"/>
        <line num="142" type="stmt" count="5"/>
        <line num="144" type="stmt" count="5"/>
        <line num="145" type="stmt" count="5"/>
        <line num="146" type="stmt" count="5"/>
        <line num="149" type="stmt" count="4"/>
        <line num="153" type="method" name="discoverClassBasedComponentFromFile" visibility="private" complexity="5" crap="5.05" count="4"/>
        <line num="155" type="stmt" count="4"/>
        <line num="156" type="stmt" count="4"/>
        <line num="157" type="stmt" count="0"/>
        <line num="160" type="stmt" count="4"/>
        <line num="161" type="stmt" count="4"/>
        <line num="163" type="stmt" count="4"/>
        <line num="164" type="stmt" count="4"/>
        <line num="165" type="stmt" count="3"/>
        <line num="170" type="method" name="registerClassBasedComponent" visibility="private" complexity="3" crap="3.00" count="3"/>
        <line num="172" type="stmt" count="3"/>
        <line num="173" type="stmt" count="3"/>
        <line num="174" type="stmt" count="3"/>
        <line num="175" type="stmt" count="0"/>
        <line num="178" type="stmt" count="3"/>
        <line num="179" type="stmt" count="3"/>
        <line num="181" type="stmt" count="3"/>
        <line num="182" type="stmt" count="3"/>
        <line num="183" type="stmt" count="3"/>
        <line num="184" type="stmt" count="3"/>
        <line num="186" type="stmt" count="3"/>
        <line num="188" type="stmt" count="3"/>
        <line num="189" type="stmt" count="1"/>
        <line num="192" type="stmt" count="3"/>
        <line num="193" type="stmt" count="3"/>
        <line num="194" type="stmt" count="3"/>
        <line num="195" type="stmt" count="3"/>
        <line num="196" type="stmt" count="3"/>
        <line num="202" type="method" name="resolveComponentConfig" visibility="private" complexity="4" crap="4" count="8"/>
        <line num="204" type="stmt" count="8"/>
        <line num="205" type="stmt" count="6"/>
        <line num="208" type="stmt" count="2"/>
        <line num="209" type="stmt" count="1"/>
        <line num="210" type="stmt" count="1"/>
        <line num="214" type="stmt" count="1"/>
        <line num="222" type="method" name="createMountedComponent" visibility="private" complexity="2" crap="2" count="7"/>
        <line num="224" type="stmt" count="7"/>
        <line num="226" type="stmt" count="7"/>
        <line num="227" type="stmt" count="4"/>
        <line num="230" type="stmt" count="3"/>
        <line num="238" type="method" name="createAnonymousComponent" visibility="private" complexity="1" crap="1" count="4"/>
        <line num="240" type="stmt" count="4"/>
        <line num="241" type="stmt" count="4"/>
        <line num="243" type="stmt" count="4"/>
        <line num="252" type="method" name="createClassBasedComponent" visibility="private" complexity="5" crap="5" count="3"/>
        <line num="254" type="stmt" count="3"/>
        <line num="256" type="stmt" count="3"/>
        <line num="257" type="stmt" count="1"/>
        <line num="258" type="stmt" count="1"/>
        <line num="259" type="stmt" count="1"/>
        <line num="263" type="stmt" count="3"/>
        <line num="265" type="stmt" count="3"/>
        <line num="266" type="stmt" count="1"/>
        <line num="267" type="stmt" count="1"/>
        <line num="268" type="stmt" count="1"/>
        <line num="272" type="stmt" count="3"/>
        <line num="279" type="method" name="collectPreMountMethods" visibility="private" complexity="3" crap="3" count="3"/>
        <line num="281" type="stmt" count="3"/>
        <line num="283" type="stmt" count="3"/>
        <line num="284" type="stmt" count="1"/>
        <line num="285" type="stmt" count="1"/>
        <line num="289" type="stmt" count="3"/>
        <line num="292" type="method" name="discoverAnonymousComponents" visibility="private" complexity="3" crap="3" count="9"/>
        <line num="294" type="stmt" count="9"/>
        <line num="295" type="stmt" count="9"/>
        <line num="296" type="stmt" count="2"/>
        <line num="299" type="stmt" count="7"/>
        <line num="300" type="stmt" count="7"/>
        <line num="304" type="method" name="discoverAnonymousComponentsInNamespace" visibility="private" complexity="3" crap="3" count="7"/>
        <line num="306" type="stmt" count="7"/>
        <line num="307" type="stmt" count="7"/>
        <line num="308" type="stmt" count="7"/>
        <line num="309" type="stmt" count="3"/>
        <line num="312" type="stmt" count="6"/>
        <line num="316" type="method" name="discoverAnonymousComponentsInDirectory" visibility="private" complexity="3" crap="3" count="6"/>
        <line num="318" type="stmt" count="6"/>
        <line num="320" type="stmt" count="6"/>
        <line num="321" type="stmt" count="6"/>
        <line num="322" type="stmt" count="6"/>
        <line num="325" type="stmt" count="6"/>
        <line num="329" type="method" name="registerAnonymousComponent" visibility="private" complexity="5" crap="5" count="6"/>
        <line num="331" type="stmt" count="6"/>
        <line num="332" type="stmt" count="5"/>
        <line num="334" type="stmt" count="1"/>
        <line num="337" type="stmt" count="6"/>
        <line num="338" type="stmt" count="4"/>
        <line num="340" type="stmt" count="2"/>
        <line num="343" type="stmt" count="6"/>
        <line num="344" type="stmt" count="1"/>
        <line num="347" type="stmt" count="6"/>
        <line num="348" type="stmt" count="6"/>
        <line num="349" type="stmt" count="6"/>
        <line num="350" type="stmt" count="6"/>
        <line num="351" type="stmt" count="6"/>
        <line num="352" type="stmt" count="6"/>
        <metrics loc="355" ncloc="302" classes="1" methods="19" coveredmethods="17" conditionals="0" coveredconditionals="0" statements="134" coveredstatements="132" elements="153" coveredelements="149"/>
      </file>
    </package>
    <metrics files="2" loc="418" ncloc="352" classes="2" methods="20" coveredmethods="18" conditionals="0" coveredconditionals="0" statements="150" coveredstatements="148" elements="170" coveredelements="166"/>
  </project>
</coverage>
