<?xml version="1.0" encoding="UTF-8"?>
<coverage generated="1778321641">
  <project timestamp="1778321641" name="Clover Coverage">
    <package name="Vardumper\SlimTwigComponent">
      <file name="/home/erik-poehler/Sites/slim-ux-twig-component/src/SlimTwigComponent.php">
        <class name="Vardumper\SlimTwigComponent\SlimTwigComponent" namespace="Vardumper\SlimTwigComponent">
          <metrics complexity="4" methods="1" coveredmethods="1" conditionals="0" coveredconditionals="0" statements="16" coveredstatements="16" elements="17" coveredelements="17"/>
        </class>
        <line num="28" type="method" name="register" visibility="public" complexity="4" crap="4" count="2"/>
        <line num="30" type="stmt" count="2"/>
        <line num="31" type="stmt" count="2"/>
        <line num="33" type="stmt" count="2"/>
        <line num="34" type="stmt" count="2"/>
        <line num="35" type="stmt" count="1"/>
        <line num="36" type="stmt" count="1"/>
        <line num="37" type="stmt" count="1"/>
        <line num="42" type="stmt" count="2"/>
        <line num="44" type="stmt" count="2"/>
        <line num="46" type="stmt" count="2"/>
        <line num="47" type="stmt" count="2"/>
        <line num="48" type="stmt" count="2"/>
        <line num="49" type="stmt" count="2"/>
        <line num="50" type="stmt" count="2"/>
        <line num="51" type="stmt" count="2"/>
        <line num="52" type="stmt" count="2"/>
        <metrics loc="55" ncloc="48" classes="1" methods="1" coveredmethods="1" conditionals="0" coveredconditionals="0" statements="16" coveredstatements="16" elements="17" coveredelements="17"/>
      </file>
    </package>
    <package name="Vardumper\SlimTwigComponent\Twig">
      <file name="/home/erik-poehler/Sites/slim-ux-twig-component/src/Twig/SlimTwigComponentRuntime.php">
        <class name="Vardumper\SlimTwigComponent\Twig\SlimTwigComponentRuntime" namespace="Vardumper\SlimTwigComponent\Twig">
          <metrics complexity="50" methods="19" coveredmethods="17" conditionals="0" coveredconditionals="0" statements="132" coveredstatements="130" elements="151" coveredelements="147"/>
        </class>
        <line num="25" type="method" name="__construct" visibility="public" complexity="1" crap="1" count="9"/>
        <line num="29" type="stmt" count="9"/>
        <line num="30" type="stmt" count="9"/>
        <line num="36" type="method" name="preRender" visibility="public" complexity="1" crap="1" count="1"/>
        <line num="38" type="stmt" count="1"/>
        <line num="40" type="stmt" count="1"/>
        <line num="46" type="method" name="render" visibility="public" complexity="1" crap="1" count="7"/>
        <line num="48" type="stmt" count="7"/>
        <line num="50" type="stmt" count="6"/>
        <line num="57" type="method" name="startEmbedComponent" visibility="public" complexity="1" crap="1" count="8"/>
        <line num="59" type="stmt" count="8"/>
        <line num="61" type="stmt" count="8"/>
        <line num="62" type="stmt" count="7"/>
        <line num="63" type="stmt" count="7"/>
        <line num="64" type="stmt" count="7"/>
        <line num="65" type="stmt" count="7"/>
        <line num="67" type="stmt" count="7"/>
        <line num="68" type="stmt" count="7"/>
        <line num="69" type="stmt" count="7"/>
        <line num="71" type="stmt" count="7"/>
        <line num="72" type="stmt" count="7"/>
        <line num="73" type="stmt" count="7"/>
        <line num="74" type="stmt" count="7"/>
        <line num="75" type="stmt" count="7"/>
        <line num="76" type="stmt" count="7"/>
        <line num="77" type="stmt" count="7"/>
        <line num="78" type="stmt" count="7"/>
        <line num="80" type="stmt" count="7"/>
        <line num="81" type="stmt" count="7"/>
        <line num="82" type="stmt" count="7"/>
        <line num="83" type="stmt" count="7"/>
        <line num="85" type="stmt" count="7"/>
        <line num="86" type="stmt" count="7"/>
        <line num="87" type="stmt" count="7"/>
        <line num="88" type="stmt" count="7"/>
        <line num="89" type="stmt" count="7"/>
        <line num="90" type="stmt" count="7"/>
        <line num="91" type="stmt" count="7"/>
        <line num="92" type="stmt" count="7"/>
        <line num="94" type="stmt" count="7"/>
        <line num="97" type="method" name="finishEmbedComponent" visibility="public" complexity="1" crap="1" count="1"/>
        <line num="100" type="stmt" count="1"/>
        <line num="102" type="method" name="discoverComponents" visibility="private" complexity="1" crap="1" count="9"/>
        <line num="104" type="stmt" count="9"/>
        <line num="105" type="stmt" count="9"/>
        <line num="108" type="method" name="discoverClassBasedComponents" visibility="private" complexity="3" crap="3" count="9"/>
        <line num="110" type="stmt" count="9"/>
        <line num="111" type="stmt" count="6"/>
        <line num="112" type="stmt" count="3"/>
        <line num="115" type="stmt" count="5"/>
        <line num="119" type="method" name="discoverClassBasedComponentsInPath" visibility="private" complexity="4" crap="4" count="5"/>
        <line num="121" type="stmt" count="5"/>
        <line num="123" type="stmt" count="5"/>
        <line num="124" type="stmt" count="5"/>
        <line num="125" type="stmt" count="5"/>
        <line num="128" type="stmt" count="4"/>
        <line num="132" type="method" name="discoverClassBasedComponentFromFile" visibility="private" complexity="5" crap="5.05" count="4"/>
        <line num="134" type="stmt" count="4"/>
        <line num="135" type="stmt" count="4"/>
        <line num="136" type="stmt" count="0"/>
        <line num="139" type="stmt" count="4"/>
        <line num="140" type="stmt" count="4"/>
        <line num="142" type="stmt" count="4"/>
        <line num="143" type="stmt" count="4"/>
        <line num="144" type="stmt" count="3"/>
        <line num="149" type="method" name="registerClassBasedComponent" visibility="private" complexity="3" crap="3.00" count="3"/>
        <line num="151" type="stmt" count="3"/>
        <line num="152" type="stmt" count="3"/>
        <line num="153" type="stmt" count="3"/>
        <line num="154" type="stmt" count="0"/>
        <line num="157" type="stmt" count="3"/>
        <line num="158" type="stmt" count="3"/>
        <line num="160" type="stmt" count="3"/>
        <line num="161" type="stmt" count="3"/>
        <line num="162" type="stmt" count="3"/>
        <line num="163" type="stmt" count="3"/>
        <line num="165" type="stmt" count="3"/>
        <line num="167" type="stmt" count="3"/>
        <line num="168" type="stmt" count="1"/>
        <line num="171" type="stmt" count="3"/>
        <line num="172" type="stmt" count="3"/>
        <line num="173" type="stmt" count="3"/>
        <line num="174" type="stmt" count="3"/>
        <line num="175" type="stmt" count="3"/>
        <line num="181" type="method" name="resolveComponentConfig" visibility="private" complexity="4" crap="4" count="8"/>
        <line num="183" type="stmt" count="8"/>
        <line num="184" type="stmt" count="6"/>
        <line num="187" type="stmt" count="2"/>
        <line num="188" type="stmt" count="1"/>
        <line num="189" type="stmt" count="1"/>
        <line num="193" type="stmt" count="1"/>
        <line num="201" type="method" name="createMountedComponent" visibility="private" complexity="2" crap="2" count="7"/>
        <line num="203" type="stmt" count="7"/>
        <line num="205" type="stmt" count="7"/>
        <line num="206" type="stmt" count="4"/>
        <line num="209" type="stmt" count="3"/>
        <line num="217" type="method" name="createAnonymousComponent" visibility="private" complexity="1" crap="1" count="4"/>
        <line num="219" type="stmt" count="4"/>
        <line num="220" type="stmt" count="4"/>
        <line num="222" type="stmt" count="4"/>
        <line num="231" type="method" name="createClassBasedComponent" visibility="private" complexity="5" crap="5" count="3"/>
        <line num="233" type="stmt" count="3"/>
        <line num="235" type="stmt" count="3"/>
        <line num="236" type="stmt" count="1"/>
        <line num="237" type="stmt" count="1"/>
        <line num="238" type="stmt" count="1"/>
        <line num="242" type="stmt" count="3"/>
        <line num="244" type="stmt" count="3"/>
        <line num="245" type="stmt" count="1"/>
        <line num="246" type="stmt" count="1"/>
        <line num="247" type="stmt" count="1"/>
        <line num="251" type="stmt" count="3"/>
        <line num="258" type="method" name="collectPreMountMethods" visibility="private" complexity="3" crap="3" count="3"/>
        <line num="260" type="stmt" count="3"/>
        <line num="262" type="stmt" count="3"/>
        <line num="263" type="stmt" count="1"/>
        <line num="264" type="stmt" count="1"/>
        <line num="268" type="stmt" count="3"/>
        <line num="271" type="method" name="discoverAnonymousComponents" visibility="private" complexity="3" crap="3" count="9"/>
        <line num="273" type="stmt" count="9"/>
        <line num="274" type="stmt" count="9"/>
        <line num="275" type="stmt" count="2"/>
        <line num="278" type="stmt" count="7"/>
        <line num="279" type="stmt" count="7"/>
        <line num="283" type="method" name="discoverAnonymousComponentsInNamespace" visibility="private" complexity="3" crap="3" count="7"/>
        <line num="285" type="stmt" count="7"/>
        <line num="286" type="stmt" count="7"/>
        <line num="287" type="stmt" count="7"/>
        <line num="288" type="stmt" count="3"/>
        <line num="291" type="stmt" count="6"/>
        <line num="295" type="method" name="discoverAnonymousComponentsInDirectory" visibility="private" complexity="3" crap="3" count="6"/>
        <line num="297" type="stmt" count="6"/>
        <line num="299" type="stmt" count="6"/>
        <line num="300" type="stmt" count="6"/>
        <line num="301" type="stmt" count="6"/>
        <line num="304" type="stmt" count="6"/>
        <line num="308" type="method" name="registerAnonymousComponent" visibility="private" complexity="5" crap="5" count="6"/>
        <line num="310" type="stmt" count="6"/>
        <line num="311" type="stmt" count="5"/>
        <line num="313" type="stmt" count="1"/>
        <line num="316" type="stmt" count="6"/>
        <line num="317" type="stmt" count="4"/>
        <line num="319" type="stmt" count="2"/>
        <line num="322" type="stmt" count="6"/>
        <line num="323" type="stmt" count="1"/>
        <line num="326" type="stmt" count="6"/>
        <line num="327" type="stmt" count="6"/>
        <line num="328" type="stmt" count="6"/>
        <line num="329" type="stmt" count="6"/>
        <line num="330" type="stmt" count="6"/>
        <line num="331" type="stmt" count="6"/>
        <metrics loc="334" ncloc="291" classes="1" methods="19" coveredmethods="17" conditionals="0" coveredconditionals="0" statements="132" coveredstatements="130" elements="151" coveredelements="147"/>
      </file>
    </package>
    <metrics files="2" loc="389" ncloc="339" classes="2" methods="20" coveredmethods="18" conditionals="0" coveredconditionals="0" statements="148" coveredstatements="146" elements="168" coveredelements="164"/>
  </project>
</coverage>
